# JRE version: OpenJDK Runtime Environment Temurin-21.0.10+7 (21.0.10+7) (build 21.0.10+7-LTS)
# Java VM: OpenJDK 64-Bit Server VM Temurin-21.0.10+7 (21.0.10+7-LTS, mixed mode, sharing, tiered, compressed oops, compressed class ptrs, parallel gc, windows-amd64)
GC Precious Log:
 CardTable entry size: 512
 CPUs: 20 total, 20 available
 Memory: 16013M
 Large Page Support: Disabled
 NUMA Support: Disabled
 Compressed Oops: Enabled (32-bit)
 Alignments: Space 512K, Generation 512K, Heap 2M
 Heap Min Capacity: 100M
 Heap Initial Capacity: 100M
 Heap Max Capacity: 2G
 Pre-touch: Disabled
 Parallel Workers: 15
Heap:
 PSYoungGen      total 19456K, used 3417K [0x00000000d5580000, 0x00000000d6d80000, 0x0000000100000000)
  eden space 18432K, 13% used [0x00000000d5580000,0x00000000d57fe9a0,0x00000000d6780000)
  from space 1024K, 84% used [0x00000000d6c80000,0x00000000d6d57bf0,0x00000000d6d80000)
  to   space 1024K, 0% used [0x00000000d6b80000,0x00000000d6b80000,0x00000000d6c80000)
 ParOldGen       total 68608K, used 58380K [0x0000000080000000, 0x0000000084300000, 0x00000000d5580000)
  object space 68608K, 85% used [0x0000000080000000,0x0000000083903338,0x0000000084300000)
 Metaspace       used 57138K, committed 58496K, reserved 1114112K
  class space    used 6155K, committed 6784K, reserved 1048576K
GC Heap History (20 events):
Event: 24.267 GC heap before
{Heap before GC invocations=30 (full 2):
 PSYoungGen      total 20992K, used 20512K [0x00000000d5580000, 0x00000000d6d80000, 0x0000000100000000)
  eden space 18432K, 100% used [0x00000000d5580000,0x00000000d6780000,0x00000000d6780000)
  from space 2560K, 81% used [0x00000000d6a80000,0x00000000d6c88000,0x00000000d6d00000)
  to   space 512K, 0% used [0x00000000d6d00000,0x00000000d6d00000,0x00000000d6d80000)
 ParOldGen       total 68608K, used 47121K [0x0000000080000000, 0x0000000084300000, 0x00000000d5580000)
  object space 68608K, 68% used [0x0000000080000000,0x0000000082e04608,0x0000000084300000)
 Metaspace       used 49179K, committed 50496K, reserved 1114112K
  class space    used 5328K, committed 5952K, reserved 1048576K
}
Event: 24.270 GC heap after
{Heap after GC invocations=30 (full 2):
 PSYoungGen      total 18944K, used 512K [0x00000000d5580000, 0x00000000d7080000, 0x0000000100000000)
  eden space 18432K, 0% used [0x00000000d5580000,0x00000000d5580000,0x00000000d6780000)
  from space 512K, 100% used [0x00000000d6d00000,0x00000000d6d80000,0x00000000d6d80000)
  to   space 4608K, 0% used [0x00000000d6780000,0x00000000d6780000,0x00000000d6c00000)
 ParOldGen       total 68608K, used 50434K [0x0000000080000000, 0x0000000084300000, 0x00000000d5580000)
  object space 68608K, 73% used [0x0000000080000000,0x0000000083140818,0x0000000084300000)
 Metaspace       used 49179K, committed 50496K, reserved 1114112K
  class space    used 5328K, committed 5952K, reserved 1048576K
}
Event: 24.394 GC heap before
{Heap before GC invocations=31 (full 2):
 PSYoungGen      total 18944K, used 18944K [0x00000000d5580000, 0x00000000d7080000, 0x0000000100000000)
  eden space 18432K, 100% used [0x00000000d5580000,0x00000000d6780000,0x00000000d6780000)
  from space 512K, 100% used [0x00000000d6d00000,0x00000000d6d80000,0x00000000d6d80000)
  to   space 4608K, 0% used [0x00000000d6780000,0x00000000d6780000,0x00000000d6c00000)
 ParOldGen       total 68608K, used 50434K [0x0000000080000000, 0x0000000084300000, 0x00000000d5580000)
  object space 68608K, 73% used [0x0000000080000000,0x0000000083140818,0x0000000084300000)
 Metaspace       used 50242K, committed 51584K, reserved 1114112K
  class space    used 5479K, committed 6080K, reserved 1048576K
}
Event: 24.396 GC heap after
{Heap after GC invocations=31 (full 2):
 PSYoungGen      total 19968K, used 1408K [0x00000000d5580000, 0x00000000d6d80000, 0x0000000100000000)
  eden space 18432K, 0% used [0x00000000d5580000,0x00000000d5580000,0x00000000d6780000)
  from space 1536K, 91% used [0x00000000d6780000,0x00000000d68e0000,0x00000000d6900000)
  to   space 2560K, 0% used [0x00000000d6b00000,0x00000000d6b00000,0x00000000d6d80000)
 ParOldGen       total 68608K, used 51018K [0x0000000080000000, 0x0000000084300000, 0x00000000d5580000)
  object space 68608K, 74% used [0x0000000080000000,0x00000000831d2818,0x0000000084300000)
 Metaspace       used 50242K, committed 51584K, reserved 1114112K
  class space    used 5479K, committed 6080K, reserved 1048576K
}
Event: 24.614 GC heap before
{Heap before GC invocations=32 (full 2):
 PSYoungGen      total 19968K, used 19840K [0x00000000d5580000, 0x00000000d6d80000, 0x0000000100000000)
  eden space 18432K, 100% used [0x00000000d5580000,0x00000000d6780000,0x00000000d6780000)
  from space 1536K, 91% used [0x00000000d6780000,0x00000000d68e0000,0x00000000d6900000)
  to   space 2560K, 0% used [0x00000000d6b00000,0x00000000d6b00000,0x00000000d6d80000)
 ParOldGen       total 68608K, used 51018K [0x0000000080000000, 0x0000000084300000, 0x00000000d5580000)
  object space 68608K, 74% used [0x0000000080000000,0x00000000831d2818,0x0000000084300000)
 Metaspace       used 51685K, committed 53056K, reserved 1114112K
  class space    used 5626K, committed 6272K, reserved 1048576K
}
Event: 24.615 GC heap after
{Heap after GC invocations=32 (full 2):
 PSYoungGen      total 19456K, used 801K [0x00000000d5580000, 0x00000000d6c00000, 0x0000000100000000)
  eden space 18432K, 0% used [0x00000000d5580000,0x00000000d5580000,0x00000000d6780000)
  from space 1024K, 78% used [0x00000000d6b00000,0x00000000d6bc8598,0x00000000d6c00000)
  to   space 1536K, 0% used [0x00000000d6900000,0x00000000d6900000,0x00000000d6a80000)
 ParOldGen       total 68608K, used 52213K [0x0000000080000000, 0x0000000084300000, 0x00000000d5580000)
  object space 68608K, 76% used [0x0000000080000000,0x00000000832fd728,0x0000000084300000)
 Metaspace       used 51685K, committed 53056K, reserved 1114112K
  class space    used 5626K, committed 6272K, reserved 1048576K
}
Event: 24.805 GC heap before
{Heap before GC invocations=33 (full 2):
 PSYoungGen      total 19456K, used 19233K [0x00000000d5580000, 0x00000000d6c00000, 0x0000000100000000)
  eden space 18432K, 100% used [0x00000000d5580000,0x00000000d6780000,0x00000000d6780000)
  from space 1024K, 78% used [0x00000000d6b00000,0x00000000d6bc8598,0x00000000d6c00000)
  to   space 1536K, 0% used [0x00000000d6900000,0x00000000d6900000,0x00000000d6a80000)
 ParOldGen       total 68608K, used 52213K [0x0000000080000000, 0x0000000084300000, 0x00000000d5580000)
  object space 68608K, 76% used [0x0000000080000000,0x00000000832fd728,0x0000000084300000)
 Metaspace       used 53069K, committed 54464K, reserved 1114112K
  class space    used 5745K, committed 6400K, reserved 1048576K
}
Event: 24.806 GC heap after
{Heap after GC invocations=33 (full 2):
 PSYoungGen      total 19968K, used 480K [0x00000000d5580000, 0x00000000d6b80000, 0x0000000100000000)
  eden space 18432K, 0% used [0x00000000d5580000,0x00000000d5580000,0x00000000d6780000)
  from space 1536K, 31% used [0x00000000d6900000,0x00000000d6978000,0x00000000d6a80000)
  to   space 1024K, 0% used [0x00000000d6a80000,0x00000000d6a80000,0x00000000d6b80000)
 ParOldGen       total 68608K, used 52765K [0x0000000080000000, 0x0000000084300000, 0x00000000d5580000)
  object space 68608K, 76% used [0x0000000080000000,0x0000000083387518,0x0000000084300000)
 Metaspace       used 53069K, committed 54464K, reserved 1114112K
  class space    used 5745K, committed 6400K, reserved 1048576K
}
Event: 24.841 GC heap before
{Heap before GC invocations=34 (full 2):
 PSYoungGen      total 19968K, used 18912K [0x00000000d5580000, 0x00000000d6b80000, 0x0000000100000000)
  eden space 18432K, 100% used [0x00000000d5580000,0x00000000d6780000,0x00000000d6780000)
  from space 1536K, 31% used [0x00000000d6900000,0x00000000d6978000,0x00000000d6a80000)
  to   space 1024K, 0% used [0x00000000d6a80000,0x00000000d6a80000,0x00000000d6b80000)
 ParOldGen       total 68608K, used 52765K [0x0000000080000000, 0x0000000084300000, 0x00000000d5580000)
  object space 68608K, 76% used [0x0000000080000000,0x0000000083387518,0x0000000084300000)
 Metaspace       used 53234K, committed 54656K, reserved 1114112K
  class space    used 5755K, committed 6400K, reserved 1048576K
}
Event: 24.842 GC heap after
{Heap after GC invocations=34 (full 2):
 PSYoungGen      total 19456K, used 1016K [0x00000000d5580000, 0x00000000d6c80000, 0x0000000100000000)
  eden space 18432K, 0% used [0x00000000d5580000,0x00000000d5580000,0x00000000d6780000)
  from space 1024K, 99% used [0x00000000d6a80000,0x00000000d6b7e328,0x00000000d6b80000)
  to   space 2560K, 0% used [0x00000000d6780000,0x00000000d6780000,0x00000000d6a00000)
 ParOldGen       total 68608K, used 53604K [0x0000000080000000, 0x0000000084300000, 0x00000000d5580000)
  object space 68608K, 78% used [0x0000000080000000,0x0000000083459040,0x0000000084300000)
 Metaspace       used 53234K, committed 54656K, reserved 1114112K
  class space    used 5755K, committed 6400K, reserved 1048576K
}
Event: 24.872 GC heap before
{Heap before GC invocations=35 (full 2):
 PSYoungGen      total 19456K, used 19448K [0x00000000d5580000, 0x00000000d6c80000, 0x0000000100000000)
  eden space 18432K, 100% used [0x00000000d5580000,0x00000000d6780000,0x00000000d6780000)
  from space 1024K, 99% used [0x00000000d6a80000,0x00000000d6b7e328,0x00000000d6b80000)
  to   space 2560K, 0% used [0x00000000d6780000,0x00000000d6780000,0x00000000d6a00000)
 ParOldGen       total 68608K, used 53604K [0x0000000080000000, 0x0000000084300000, 0x00000000d5580000)
  object space 68608K, 78% used [0x0000000080000000,0x0000000083459040,0x0000000084300000)
 Metaspace       used 53502K, committed 54912K, reserved 1114112K
  class space    used 5769K, committed 6400K, reserved 1048576K
}
Event: 24.873 GC heap after
{Heap after GC invocations=35 (full 2):
 PSYoungGen      total 20992K, used 320K [0x00000000d5580000, 0x00000000d6b00000, 0x0000000100000000)
  eden space 18432K, 0% used [0x00000000d5580000,0x00000000d5580000,0x00000000d6780000)
  from space 2560K, 12% used [0x00000000d6780000,0x00000000d67d0000,0x00000000d6a00000)
  to   space 1024K, 0% used [0x00000000d6a00000,0x00000000d6a00000,0x00000000d6b00000)
 ParOldGen       total 68608K, used 53748K [0x0000000080000000, 0x0000000084300000, 0x00000000d5580000)
  object space 68608K, 78% used [0x0000000080000000,0x000000008347d040,0x0000000084300000)
 Metaspace       used 53502K, committed 54912K, reserved 1114112K
  class space    used 5769K, committed 6400K, reserved 1048576K
}
Event: 25.138 GC heap before
{Heap before GC invocations=36 (full 2):
 PSYoungGen      total 20992K, used 18752K [0x00000000d5580000, 0x00000000d6b00000, 0x0000000100000000)
  eden space 18432K, 100% used [0x00000000d5580000,0x00000000d6780000,0x00000000d6780000)
  from space 2560K, 12% used [0x00000000d6780000,0x00000000d67d0000,0x00000000d6a00000)
  to   space 1024K, 0% used [0x00000000d6a00000,0x00000000d6a00000,0x00000000d6b00000)
 ParOldGen       total 68608K, used 53748K [0x0000000080000000, 0x0000000084300000, 0x00000000d5580000)
  object space 68608K, 78% used [0x0000000080000000,0x000000008347d040,0x0000000084300000)
 Metaspace       used 55704K, committed 57088K, reserved 1114112K
  class space    used 6004K, committed 6592K, reserved 1048576K
}
Event: 25.140 GC heap after
{Heap after GC invocations=36 (full 2):
 PSYoungGen      total 19456K, used 914K [0x00000000d5580000, 0x00000000d6b00000, 0x0000000100000000)
  eden space 18432K, 0% used [0x00000000d5580000,0x00000000d5580000,0x00000000d6780000)
  from space 1024K, 89% used [0x00000000d6a00000,0x00000000d6ae48b0,0x00000000d6b00000)
  to   space 1536K, 0% used [0x00000000d6800000,0x00000000d6800000,0x00000000d6980000)
 ParOldGen       total 68608K, used 53812K [0x0000000080000000, 0x0000000084300000, 0x00000000d5580000)
  object space 68608K, 78% used [0x0000000080000000,0x000000008348d040,0x0000000084300000)
 Metaspace       used 55704K, committed 57088K, reserved 1114112K
  class space    used 6004K, committed 6592K, reserved 1048576K
}
Event: 25.327 GC heap before
{Heap before GC invocations=37 (full 2):
 PSYoungGen      total 19456K, used 19346K [0x00000000d5580000, 0x00000000d6b00000, 0x0000000100000000)
  eden space 18432K, 100% used [0x00000000d5580000,0x00000000d6780000,0x00000000d6780000)
  from space 1024K, 89% used [0x00000000d6a00000,0x00000000d6ae48b0,0x00000000d6b00000)
  to   space 1536K, 0% used [0x00000000d6800000,0x00000000d6800000,0x00000000d6980000)
 ParOldGen       total 68608K, used 53812K [0x0000000080000000, 0x0000000084300000, 0x00000000d5580000)
  object space 68608K, 78% used [0x0000000080000000,0x000000008348d040,0x0000000084300000)
 Metaspace       used 56587K, committed 57984K, reserved 1114112K
  class space    used 6102K, committed 6720K, reserved 1048576K
}
Event: 25.329 GC heap after
{Heap after GC invocations=37 (full 2):
 PSYoungGen      total 19968K, used 1522K [0x00000000d5580000, 0x00000000d7280000, 0x0000000100000000)
  eden space 18432K, 0% used [0x00000000d5580000,0x00000000d5580000,0x00000000d6780000)
  from space 1536K, 99% used [0x00000000d6800000,0x00000000d697c900,0x00000000d6980000)
  to   space 5632K, 0% used [0x00000000d6d00000,0x00000000d6d00000,0x00000000d7280000)
 ParOldGen       total 68608K, used 57117K [0x0000000080000000, 0x0000000084300000, 0x00000000d5580000)
  object space 68608K, 83% used [0x0000000080000000,0x00000000837c76c0,0x0000000084300000)
 Metaspace       used 56587K, committed 57984K, reserved 1114112K
  class space    used 6102K, committed 6720K, reserved 1048576K
}
Event: 25.390 GC heap before
{Heap before GC invocations=38 (full 2):
 PSYoungGen      total 19968K, used 19954K [0x00000000d5580000, 0x00000000d7280000, 0x0000000100000000)
  eden space 18432K, 100% used [0x00000000d5580000,0x00000000d6780000,0x00000000d6780000)
  from space 1536K, 99% used [0x00000000d6800000,0x00000000d697c900,0x00000000d6980000)
  to   space 5632K, 0% used [0x00000000d6d00000,0x00000000d6d00000,0x00000000d7280000)
 ParOldGen       total 68608K, used 57117K [0x0000000080000000, 0x0000000084300000, 0x00000000d5580000)
  object space 68608K, 83% used [0x0000000080000000,0x00000000837c76c0,0x0000000084300000)
 Metaspace       used 56931K, committed 58304K, reserved 1114112K
  class space    used 6126K, committed 6720K, reserved 1048576K
}
Event: 25.393 GC heap after
{Heap after GC invocations=38 (full 2):
 PSYoungGen      total 19456K, used 872K [0x00000000d5580000, 0x00000000d6e00000, 0x0000000100000000)
  eden space 18432K, 0% used [0x00000000d5580000,0x00000000d5580000,0x00000000d6780000)
  from space 1024K, 85% used [0x00000000d6d00000,0x00000000d6dda000,0x00000000d6e00000)
  to   space 2560K, 0% used [0x00000000d6900000,0x00000000d6900000,0x00000000d6b80000)
 ParOldGen       total 68608K, used 57612K [0x0000000080000000, 0x0000000084300000, 0x00000000d5580000)
  object space 68608K, 83% used [0x0000000080000000,0x0000000083843318,0x0000000084300000)
 Metaspace       used 56931K, committed 58304K, reserved 1114112K
  class space    used 6126K, committed 6720K, reserved 1048576K
}
Event: 26.456 GC heap before
{Heap before GC invocations=39 (full 2):
 PSYoungGen      total 19456K, used 19304K [0x00000000d5580000, 0x00000000d6e00000, 0x0000000100000000)
  eden space 18432K, 100% used [0x00000000d5580000,0x00000000d6780000,0x00000000d6780000)
  from space 1024K, 85% used [0x00000000d6d00000,0x00000000d6dda000,0x00000000d6e00000)
  to   space 2560K, 0% used [0x00000000d6900000,0x00000000d6900000,0x00000000d6b80000)
 ParOldGen       total 68608K, used 57612K [0x0000000080000000, 0x0000000084300000, 0x00000000d5580000)
  object space 68608K, 83% used [0x0000000080000000,0x0000000083843318,0x0000000084300000)
 Metaspace       used 57021K, committed 58432K, reserved 1114112K
  class space    used 6146K, committed 6784K, reserved 1048576K
}
Event: 26.458 GC heap after
{Heap after GC invocations=39 (full 2):
 PSYoungGen      total 20992K, used 608K [0x00000000d5580000, 0x00000000d6d80000, 0x0000000100000000)
  eden space 18432K, 0% used [0x00000000d5580000,0x00000000d5580000,0x00000000d6780000)
  from space 2560K, 23% used [0x00000000d6900000,0x00000000d6998288,0x00000000d6b80000)
  to   space 1024K, 0% used [0x00000000d6c80000,0x00000000d6c80000,0x00000000d6d80000)
 ParOldGen       total 68608K, used 58228K [0x0000000080000000, 0x0000000084300000, 0x00000000d5580000)
  object space 68608K, 84% used [0x0000000080000000,0x00000000838dd338,0x0000000084300000)
 Metaspace       used 57021K, committed 58432K, reserved 1114112K
  class space    used 6146K, committed 6784K, reserved 1048576K
}

