# JRE version: OpenJDK Runtime Environment Temurin-21.0.10+7 (21.0.10+7) (build 21.0.10+7-LTS)
# Java VM: OpenJDK 64-Bit Server VM Temurin-21.0.10+7 (21.0.10+7-LTS, mixed mode, sharing, tiered, compressed oops, compressed class ptrs, parallel gc, windows-amd64)
GC Precious Log:
 CardTable entry size: 512
 CPUs: 20 total, 20 available
 Memory: 16013M
 Large Page Support: Disabled
 NUMA Support: Disabled
 Compressed Oops: Enabled (32-bit)
 Alignments: Space 512K, Generation 512K, Heap 2M
 Heap Min Capacity: 100M
 Heap Initial Capacity: 100M
 Heap Max Capacity: 2G
 Pre-touch: Disabled
 Parallel Workers: 15
Heap:
 PSYoungGen      total 8704K, used 4687K [0x00000000d5580000, 0x00000000d5f80000, 0x0000000100000000)
  eden space 8192K, 50% used [0x00000000d5580000,0x00000000d5993ff0,0x00000000d5d80000)
  from space 512K, 100% used [0x00000000d5f00000,0x00000000d5f80000,0x00000000d5f80000)
  to   space 1024K, 0% used [0x00000000d5d80000,0x00000000d5d80000,0x00000000d5e80000)
 ParOldGen       total 137216K, used 136728K [0x0000000080000000, 0x0000000088600000, 0x00000000d5580000)
  object space 137216K, 99% used [0x0000000080000000,0x00000000885861d0,0x0000000088600000)
 Metaspace       used 70283K, committed 71808K, reserved 1114112K
  class space    used 7089K, committed 7744K, reserved 1048576K
GC Heap History (20 events):
Event: 22.068 GC heap before
{Heap before GC invocations=136 (full 3):
 PSYoungGen      total 9728K, used 9418K [0x00000000d5580000, 0x00000000d6080000, 0x0000000100000000)
  eden space 8704K, 100% used [0x00000000d5580000,0x00000000d5e00000,0x00000000d5e00000)
  from space 1024K, 69% used [0x00000000d5f80000,0x00000000d6032910,0x00000000d6080000)
  to   space 1024K, 0% used [0x00000000d5e80000,0x00000000d5e80000,0x00000000d5f80000)
 ParOldGen       total 129536K, used 129258K [0x0000000080000000, 0x0000000087e80000, 0x00000000d5580000)
  object space 129536K, 99% used [0x0000000080000000,0x0000000087e3ab50,0x0000000087e80000)
 Metaspace       used 69911K, committed 71424K, reserved 1114112K
  class space    used 7076K, committed 7744K, reserved 1048576K
}
Event: 22.069 GC heap after
{Heap after GC invocations=136 (full 3):
 PSYoungGen      total 9728K, used 1006K [0x00000000d5580000, 0x00000000d6200000, 0x0000000100000000)
  eden space 8704K, 0% used [0x00000000d5580000,0x00000000d5580000,0x00000000d5e00000)
  from space 1024K, 98% used [0x00000000d5e80000,0x00000000d5f7bb40,0x00000000d5f80000)
  to   space 2048K, 0% used [0x00000000d6000000,0x00000000d6000000,0x00000000d6200000)
 ParOldGen       total 130048K, used 129967K [0x0000000080000000, 0x0000000087f00000, 0x00000000d5580000)
  object space 130048K, 99% used [0x0000000080000000,0x0000000087eebda0,0x0000000087f00000)
 Metaspace       used 69911K, committed 71424K, reserved 1114112K
  class space    used 7076K, committed 7744K, reserved 1048576K
}
Event: 22.087 GC heap before
{Heap before GC invocations=137 (full 3):
 PSYoungGen      total 9728K, used 9710K [0x00000000d5580000, 0x00000000d6200000, 0x0000000100000000)
  eden space 8704K, 100% used [0x00000000d5580000,0x00000000d5e00000,0x00000000d5e00000)
  from space 1024K, 98% used [0x00000000d5e80000,0x00000000d5f7bb40,0x00000000d5f80000)
  to   space 2048K, 0% used [0x00000000d6000000,0x00000000d6000000,0x00000000d6200000)
 ParOldGen       total 130048K, used 129967K [0x0000000080000000, 0x0000000087f00000, 0x00000000d5580000)
  object space 130048K, 99% used [0x0000000080000000,0x0000000087eebda0,0x0000000087f00000)
 Metaspace       used 69918K, committed 71424K, reserved 1114112K
  class space    used 7076K, committed 7744K, reserved 1048576K
}
Event: 22.089 GC heap after
{Heap after GC invocations=137 (full 3):
 PSYoungGen      total 10240K, used 1242K [0x00000000d5580000, 0x00000000d6180000, 0x0000000100000000)
  eden space 8704K, 0% used [0x00000000d5580000,0x00000000d5580000,0x00000000d5e00000)
  from space 1536K, 80% used [0x00000000d6000000,0x00000000d6136920,0x00000000d6180000)
  to   space 1536K, 0% used [0x00000000d5e80000,0x00000000d5e80000,0x00000000d6000000)
 ParOldGen       total 131072K, used 130835K [0x0000000080000000, 0x0000000088000000, 0x00000000d5580000)
  object space 131072K, 99% used [0x0000000080000000,0x0000000087fc4fd0,0x0000000088000000)
 Metaspace       used 69918K, committed 71424K, reserved 1114112K
  class space    used 7076K, committed 7744K, reserved 1048576K
}
Event: 22.104 GC heap before
{Heap before GC invocations=138 (full 3):
 PSYoungGen      total 10240K, used 9946K [0x00000000d5580000, 0x00000000d6180000, 0x0000000100000000)
  eden space 8704K, 100% used [0x00000000d5580000,0x00000000d5e00000,0x00000000d5e00000)
  from space 1536K, 80% used [0x00000000d6000000,0x00000000d6136920,0x00000000d6180000)
  to   space 1536K, 0% used [0x00000000d5e80000,0x00000000d5e80000,0x00000000d6000000)
 ParOldGen       total 131072K, used 130835K [0x0000000080000000, 0x0000000088000000, 0x00000000d5580000)
  object space 131072K, 99% used [0x0000000080000000,0x0000000087fc4fd0,0x0000000088000000)
 Metaspace       used 69920K, committed 71424K, reserved 1114112K
  class space    used 7076K, committed 7744K, reserved 1048576K
}
Event: 22.105 GC heap after
{Heap after GC invocations=138 (full 3):
 PSYoungGen      total 10240K, used 1379K [0x00000000d5580000, 0x00000000d6100000, 0x0000000100000000)
  eden space 8704K, 0% used [0x00000000d5580000,0x00000000d5580000,0x00000000d5e00000)
  from space 1536K, 89% used [0x00000000d5e80000,0x00000000d5fd8cb8,0x00000000d6000000)
  to   space 1024K, 0% used [0x00000000d6000000,0x00000000d6000000,0x00000000d6100000)
 ParOldGen       total 132096K, used 131868K [0x0000000080000000, 0x0000000088100000, 0x00000000d5580000)
  object space 132096K, 99% used [0x0000000080000000,0x00000000880c7210,0x0000000088100000)
 Metaspace       used 69920K, committed 71424K, reserved 1114112K
  class space    used 7076K, committed 7744K, reserved 1048576K
}
Event: 22.125 GC heap before
{Heap before GC invocations=139 (full 3):
 PSYoungGen      total 10240K, used 10083K [0x00000000d5580000, 0x00000000d6100000, 0x0000000100000000)
  eden space 8704K, 100% used [0x00000000d5580000,0x00000000d5e00000,0x00000000d5e00000)
  from space 1536K, 89% used [0x00000000d5e80000,0x00000000d5fd8cb8,0x00000000d6000000)
  to   space 1024K, 0% used [0x00000000d6000000,0x00000000d6000000,0x00000000d6100000)
 ParOldGen       total 132096K, used 131868K [0x0000000080000000, 0x0000000088100000, 0x00000000d5580000)
  object space 132096K, 99% used [0x0000000080000000,0x00000000880c7210,0x0000000088100000)
 Metaspace       used 69934K, committed 71488K, reserved 1114112K
  class space    used 7076K, committed 7744K, reserved 1048576K
}
Event: 22.126 GC heap after
{Heap after GC invocations=139 (full 3):
 PSYoungGen      total 9216K, used 1012K [0x00000000d5580000, 0x00000000d6300000, 0x0000000100000000)
  eden space 8192K, 0% used [0x00000000d5580000,0x00000000d5580000,0x00000000d5d80000)
  from space 1024K, 98% used [0x00000000d6000000,0x00000000d60fd200,0x00000000d6100000)
  to   space 2560K, 0% used [0x00000000d5d80000,0x00000000d5d80000,0x00000000d6000000)
 ParOldGen       total 133120K, used 133057K [0x0000000080000000, 0x0000000088200000, 0x00000000d5580000)
  object space 133120K, 99% used [0x0000000080000000,0x00000000881f0470,0x0000000088200000)
 Metaspace       used 69934K, committed 71488K, reserved 1114112K
  class space    used 7076K, committed 7744K, reserved 1048576K
}
Event: 22.153 GC heap before
{Heap before GC invocations=140 (full 3):
 PSYoungGen      total 9216K, used 9204K [0x00000000d5580000, 0x00000000d6300000, 0x0000000100000000)
  eden space 8192K, 100% used [0x00000000d5580000,0x00000000d5d80000,0x00000000d5d80000)
  from space 1024K, 98% used [0x00000000d6000000,0x00000000d60fd200,0x00000000d6100000)
  to   space 2560K, 0% used [0x00000000d5d80000,0x00000000d5d80000,0x00000000d6000000)
 ParOldGen       total 133120K, used 133057K [0x0000000080000000, 0x0000000088200000, 0x00000000d5580000)
  object space 133120K, 99% used [0x0000000080000000,0x00000000881f0470,0x0000000088200000)
 Metaspace       used 69956K, committed 71488K, reserved 1114112K
  class space    used 7077K, committed 7744K, reserved 1048576K
}
Event: 22.154 GC heap after
{Heap after GC invocations=140 (full 3):
 PSYoungGen      total 9728K, used 1482K [0x00000000d5580000, 0x00000000d6180000, 0x0000000100000000)
  eden space 8192K, 0% used [0x00000000d5580000,0x00000000d5580000,0x00000000d5d80000)
  from space 1536K, 96% used [0x00000000d5d80000,0x00000000d5ef2910,0x00000000d5f00000)
  to   space 2048K, 0% used [0x00000000d5f80000,0x00000000d5f80000,0x00000000d6180000)
 ParOldGen       total 134144K, used 134027K [0x0000000080000000, 0x0000000088300000, 0x00000000d5580000)
  object space 134144K, 99% used [0x0000000080000000,0x00000000882e2f28,0x0000000088300000)
 Metaspace       used 69956K, committed 71488K, reserved 1114112K
  class space    used 7077K, committed 7744K, reserved 1048576K
}
Event: 22.176 GC heap before
{Heap before GC invocations=141 (full 3):
 PSYoungGen      total 9728K, used 9664K [0x00000000d5580000, 0x00000000d6180000, 0x0000000100000000)
  eden space 8192K, 99% used [0x00000000d5580000,0x00000000d5d7da80,0x00000000d5d80000)
  from space 1536K, 96% used [0x00000000d5d80000,0x00000000d5ef2910,0x00000000d5f00000)
  to   space 2048K, 0% used [0x00000000d5f80000,0x00000000d5f80000,0x00000000d6180000)
 ParOldGen       total 134144K, used 134027K [0x0000000080000000, 0x0000000088300000, 0x00000000d5580000)
  object space 134144K, 99% used [0x0000000080000000,0x00000000882e2f28,0x0000000088300000)
 Metaspace       used 69973K, committed 71488K, reserved 1114112K
  class space    used 7077K, committed 7744K, reserved 1048576K
}
Event: 22.177 GC heap after
{Heap after GC invocations=141 (full 3):
 PSYoungGen      total 9728K, used 1024K [0x00000000d5580000, 0x00000000d6100000, 0x0000000100000000)
  eden space 8192K, 0% used [0x00000000d5580000,0x00000000d5580000,0x00000000d5d80000)
  from space 1536K, 66% used [0x00000000d5f80000,0x00000000d6080020,0x00000000d6100000)
  to   space 1536K, 0% used [0x00000000d5d80000,0x00000000d5d80000,0x00000000d5f00000)
 ParOldGen       total 135680K, used 135286K [0x0000000080000000, 0x0000000088480000, 0x00000000d5580000)
  object space 135680K, 99% used [0x0000000080000000,0x000000008841d9b0,0x0000000088480000)
 Metaspace       used 69973K, committed 71488K, reserved 1114112K
  class space    used 7077K, committed 7744K, reserved 1048576K
}
Event: 22.195 GC heap before
{Heap before GC invocations=142 (full 3):
 PSYoungGen      total 9728K, used 9216K [0x00000000d5580000, 0x00000000d6100000, 0x0000000100000000)
  eden space 8192K, 100% used [0x00000000d5580000,0x00000000d5d80000,0x00000000d5d80000)
  from space 1536K, 66% used [0x00000000d5f80000,0x00000000d6080020,0x00000000d6100000)
  to   space 1536K, 0% used [0x00000000d5d80000,0x00000000d5d80000,0x00000000d5f00000)
 ParOldGen       total 135680K, used 135286K [0x0000000080000000, 0x0000000088480000, 0x00000000d5580000)
  object space 135680K, 99% used [0x0000000080000000,0x000000008841d9b0,0x0000000088480000)
 Metaspace       used 69982K, committed 71488K, reserved 1114112K
  class space    used 7077K, committed 7744K, reserved 1048576K
}
Event: 22.196 GC heap after
{Heap after GC invocations=142 (full 3):
 PSYoungGen      total 9728K, used 244K [0x00000000d5580000, 0x00000000d6000000, 0x0000000100000000)
  eden space 8192K, 0% used [0x00000000d5580000,0x00000000d5580000,0x00000000d5d80000)
  from space 1536K, 15% used [0x00000000d5d80000,0x00000000d5dbd200,0x00000000d5f00000)
  to   space 1024K, 0% used [0x00000000d5f00000,0x00000000d5f00000,0x00000000d6000000)
 ParOldGen       total 136704K, used 136232K [0x0000000080000000, 0x0000000088580000, 0x00000000d5580000)
  object space 136704K, 99% used [0x0000000080000000,0x000000008850a1a0,0x0000000088580000)
 Metaspace       used 69982K, committed 71488K, reserved 1114112K
  class space    used 7077K, committed 7744K, reserved 1048576K
}
Event: 22.214 GC heap before
{Heap before GC invocations=143 (full 3):
 PSYoungGen      total 9728K, used 8436K [0x00000000d5580000, 0x00000000d6000000, 0x0000000100000000)
  eden space 8192K, 100% used [0x00000000d5580000,0x00000000d5d80000,0x00000000d5d80000)
  from space 1536K, 15% used [0x00000000d5d80000,0x00000000d5dbd200,0x00000000d5f00000)
  to   space 1024K, 0% used [0x00000000d5f00000,0x00000000d5f00000,0x00000000d6000000)
 ParOldGen       total 136704K, used 136232K [0x0000000080000000, 0x0000000088580000, 0x00000000d5580000)
  object space 136704K, 99% used [0x0000000080000000,0x000000008850a1a0,0x0000000088580000)
 Metaspace       used 69988K, committed 71488K, reserved 1114112K
  class space    used 7077K, committed 7744K, reserved 1048576K
}
Event: 22.215 GC heap after
{Heap after GC invocations=143 (full 3):
 PSYoungGen      total 9216K, used 522K [0x00000000d5580000, 0x00000000d6000000, 0x0000000100000000)
  eden space 8192K, 0% used [0x00000000d5580000,0x00000000d5580000,0x00000000d5d80000)
  from space 1024K, 51% used [0x00000000d5f00000,0x00000000d5f82910,0x00000000d6000000)
  to   space 1024K, 0% used [0x00000000d5e00000,0x00000000d5e00000,0x00000000d5f00000)
 ParOldGen       total 136704K, used 136280K [0x0000000080000000, 0x0000000088580000, 0x00000000d5580000)
  object space 136704K, 99% used [0x0000000080000000,0x00000000885161a0,0x0000000088580000)
 Metaspace       used 69988K, committed 71488K, reserved 1114112K
  class space    used 7077K, committed 7744K, reserved 1048576K
}
Event: 22.235 GC heap before
{Heap before GC invocations=144 (full 3):
 PSYoungGen      total 9216K, used 8714K [0x00000000d5580000, 0x00000000d6000000, 0x0000000100000000)
  eden space 8192K, 100% used [0x00000000d5580000,0x00000000d5d80000,0x00000000d5d80000)
  from space 1024K, 51% used [0x00000000d5f00000,0x00000000d5f82910,0x00000000d6000000)
  to   space 1024K, 0% used [0x00000000d5e00000,0x00000000d5e00000,0x00000000d5f00000)
 ParOldGen       total 136704K, used 136280K [0x0000000080000000, 0x0000000088580000, 0x00000000d5580000)
  object space 136704K, 99% used [0x0000000080000000,0x00000000885161a0,0x0000000088580000)
 Metaspace       used 70006K, committed 71552K, reserved 1114112K
  class space    used 7077K, committed 7744K, reserved 1048576K
}
Event: 22.236 GC heap after
{Heap after GC invocations=144 (full 3):
 PSYoungGen      total 9216K, used 634K [0x00000000d5580000, 0x00000000d5f80000, 0x0000000100000000)
  eden space 8192K, 0% used [0x00000000d5580000,0x00000000d5580000,0x00000000d5d80000)
  from space 1024K, 61% used [0x00000000d5e00000,0x00000000d5e9e900,0x00000000d5f00000)
  to   space 512K, 0% used [0x00000000d5f00000,0x00000000d5f00000,0x00000000d5f80000)
 ParOldGen       total 136704K, used 136344K [0x0000000080000000, 0x0000000088580000, 0x00000000d5580000)
  object space 136704K, 99% used [0x0000000080000000,0x00000000885261a0,0x0000000088580000)
 Metaspace       used 70006K, committed 71552K, reserved 1114112K
  class space    used 7077K, committed 7744K, reserved 1048576K
}
Event: 31.418 GC heap before
{Heap before GC invocations=145 (full 3):
 PSYoungGen      total 9216K, used 8826K [0x00000000d5580000, 0x00000000d5f80000, 0x0000000100000000)
  eden space 8192K, 100% used [0x00000000d5580000,0x00000000d5d80000,0x00000000d5d80000)
  from space 1024K, 61% used [0x00000000d5e00000,0x00000000d5e9e900,0x00000000d5f00000)
  to   space 512K, 0% used [0x00000000d5f00000,0x00000000d5f00000,0x00000000d5f80000)
 ParOldGen       total 136704K, used 136344K [0x0000000080000000, 0x0000000088580000, 0x00000000d5580000)
  object space 136704K, 99% used [0x0000000080000000,0x00000000885261a0,0x0000000088580000)
 Metaspace       used 70067K, committed 71552K, reserved 1114112K
  class space    used 7077K, committed 7744K, reserved 1048576K
}
Event: 31.419 GC heap after
{Heap after GC invocations=145 (full 3):
 PSYoungGen      total 8704K, used 512K [0x00000000d5580000, 0x00000000d5f80000, 0x0000000100000000)
  eden space 8192K, 0% used [0x00000000d5580000,0x00000000d5580000,0x00000000d5d80000)
  from space 512K, 100% used [0x00000000d5f00000,0x00000000d5f80000,0x00000000d5f80000)
  to   space 1024K, 0% used [0x00000000d5d80000,0x00000000d5d80000,0x00000000d5e80000)
 ParOldGen       total 137216K, used 136728K [0x0000000080000000, 0x0000000088600000, 0x00000000d5580000)
  object space 137216K, 99% used [0x0000000080000000,0x00000000885861d0,0x0000000088600000)
 Metaspace       used 70067K, committed 71552K, reserved 1114112K
  class space    used 7077K, committed 7744K, reserved 1048576K
}

