# JRE version: OpenJDK Runtime Environment Temurin-21.0.10+7 (21.0.10+7) (build 21.0.10+7-LTS)
# Java VM: OpenJDK 64-Bit Server VM Temurin-21.0.10+7 (21.0.10+7-LTS, mixed mode, sharing, tiered, compressed oops, compressed class ptrs, parallel gc, windows-amd64)
GC Precious Log:
 CardTable entry size: 512
 CPUs: 20 total, 20 available
 Memory: 16013M
 Large Page Support: Disabled
 NUMA Support: Disabled
 Compressed Oops: Enabled (32-bit)
 Alignments: Space 512K, Generation 512K, Heap 2M
 Heap Min Capacity: 100M
 Heap Initial Capacity: 100M
 Heap Max Capacity: 2G
 Pre-touch: Disabled
 Parallel Workers: 15
Heap:
 PSYoungGen      total 20992K, used 11426K [0x00000000d5580000, 0x00000000d6b00000, 0x0000000100000000)
  eden space 19968K, 57% used [0x00000000d5580000,0x00000000d60a88e0,0x00000000d6900000)
  from space 1024K, 0% used [0x00000000d6980000,0x00000000d6980000,0x00000000d6a80000)
  to   space 512K, 0% used [0x00000000d6a80000,0x00000000d6a80000,0x00000000d6b00000)
 ParOldGen       total 71168K, used 53699K [0x0000000080000000, 0x0000000084580000, 0x00000000d5580000)
  object space 71168K, 75% used [0x0000000080000000,0x0000000083470e88,0x0000000084580000)
 Metaspace       used 60169K, committed 61568K, reserved 1114112K
  class space    used 6475K, committed 7104K, reserved 1048576K
GC Heap History (20 events):
Event: 18.938 GC heap before
{Heap before GC invocations=51 (full 2):
 PSYoungGen      total 21504K, used 21407K [0x00000000d5580000, 0x00000000d6b80000, 0x0000000100000000)
  eden space 20480K, 100% used [0x00000000d5580000,0x00000000d6980000,0x00000000d6980000)
  from space 1024K, 90% used [0x00000000d6a80000,0x00000000d6b67d78,0x00000000d6b80000)
  to   space 1024K, 0% used [0x00000000d6980000,0x00000000d6980000,0x00000000d6a80000)
 ParOldGen       total 68608K, used 68202K [0x0000000080000000, 0x0000000084300000, 0x00000000d5580000)
  object space 68608K, 99% used [0x0000000080000000,0x000000008429a928,0x0000000084300000)
 Metaspace       used 58061K, committed 59520K, reserved 1114112K
  class space    used 6239K, committed 6912K, reserved 1048576K
}
Event: 18.940 GC heap after
{Heap after GC invocations=51 (full 2):
 PSYoungGen      total 21504K, used 700K [0x00000000d5580000, 0x00000000d6b80000, 0x0000000100000000)
  eden space 20480K, 0% used [0x00000000d5580000,0x00000000d5580000,0x00000000d6980000)
  from space 1024K, 68% used [0x00000000d6980000,0x00000000d6a2f2b8,0x00000000d6a80000)
  to   space 1024K, 0% used [0x00000000d6a80000,0x00000000d6a80000,0x00000000d6b80000)
 ParOldGen       total 69120K, used 68744K [0x0000000080000000, 0x0000000084380000, 0x00000000d5580000)
  object space 69120K, 99% used [0x0000000080000000,0x00000000843221c8,0x0000000084380000)
 Metaspace       used 58061K, committed 59520K, reserved 1114112K
  class space    used 6239K, committed 6912K, reserved 1048576K
}
Event: 18.978 GC heap before
{Heap before GC invocations=52 (full 2):
 PSYoungGen      total 21504K, used 21180K [0x00000000d5580000, 0x00000000d6b80000, 0x0000000100000000)
  eden space 20480K, 100% used [0x00000000d5580000,0x00000000d6980000,0x00000000d6980000)
  from space 1024K, 68% used [0x00000000d6980000,0x00000000d6a2f2b8,0x00000000d6a80000)
  to   space 1024K, 0% used [0x00000000d6a80000,0x00000000d6a80000,0x00000000d6b80000)
 ParOldGen       total 69120K, used 68744K [0x0000000080000000, 0x0000000084380000, 0x00000000d5580000)
  object space 69120K, 99% used [0x0000000080000000,0x00000000843221c8,0x0000000084380000)
 Metaspace       used 58061K, committed 59520K, reserved 1114112K
  class space    used 6239K, committed 6912K, reserved 1048576K
}
Event: 18.980 GC heap after
{Heap after GC invocations=52 (full 2):
 PSYoungGen      total 21504K, used 448K [0x00000000d5580000, 0x00000000d6b80000, 0x0000000100000000)
  eden space 20480K, 0% used [0x00000000d5580000,0x00000000d5580000,0x00000000d6980000)
  from space 1024K, 43% used [0x00000000d6a80000,0x00000000d6af0000,0x00000000d6b80000)
  to   space 1024K, 0% used [0x00000000d6980000,0x00000000d6980000,0x00000000d6a80000)
 ParOldGen       total 69120K, used 68840K [0x0000000080000000, 0x0000000084380000, 0x00000000d5580000)
  object space 69120K, 99% used [0x0000000080000000,0x000000008433a1c8,0x0000000084380000)
 Metaspace       used 58061K, committed 59520K, reserved 1114112K
  class space    used 6239K, committed 6912K, reserved 1048576K
}
Event: 19.031 GC heap before
{Heap before GC invocations=53 (full 2):
 PSYoungGen      total 21504K, used 20928K [0x00000000d5580000, 0x00000000d6b80000, 0x0000000100000000)
  eden space 20480K, 100% used [0x00000000d5580000,0x00000000d6980000,0x00000000d6980000)
  from space 1024K, 43% used [0x00000000d6a80000,0x00000000d6af0000,0x00000000d6b80000)
  to   space 1024K, 0% used [0x00000000d6980000,0x00000000d6980000,0x00000000d6a80000)
 ParOldGen       total 69120K, used 68840K [0x0000000080000000, 0x0000000084380000, 0x00000000d5580000)
  object space 69120K, 99% used [0x0000000080000000,0x000000008433a1c8,0x0000000084380000)
 Metaspace       used 58073K, committed 59520K, reserved 1114112K
  class space    used 6239K, committed 6912K, reserved 1048576K
}
Event: 19.032 GC heap after
{Heap after GC invocations=53 (full 2):
 PSYoungGen      total 21504K, used 747K [0x00000000d5580000, 0x00000000d6b80000, 0x0000000100000000)
  eden space 20480K, 0% used [0x00000000d5580000,0x00000000d5580000,0x00000000d6980000)
  from space 1024K, 73% used [0x00000000d6980000,0x00000000d6a3afc0,0x00000000d6a80000)
  to   space 1024K, 0% used [0x00000000d6a80000,0x00000000d6a80000,0x00000000d6b80000)
 ParOldGen       total 69120K, used 68952K [0x0000000080000000, 0x0000000084380000, 0x00000000d5580000)
  object space 69120K, 99% used [0x0000000080000000,0x00000000843561c8,0x0000000084380000)
 Metaspace       used 58073K, committed 59520K, reserved 1114112K
  class space    used 6239K, committed 6912K, reserved 1048576K
}
Event: 19.082 GC heap before
{Heap before GC invocations=54 (full 2):
 PSYoungGen      total 21504K, used 21227K [0x00000000d5580000, 0x00000000d6b80000, 0x0000000100000000)
  eden space 20480K, 100% used [0x00000000d5580000,0x00000000d6980000,0x00000000d6980000)
  from space 1024K, 73% used [0x00000000d6980000,0x00000000d6a3afc0,0x00000000d6a80000)
  to   space 1024K, 0% used [0x00000000d6a80000,0x00000000d6a80000,0x00000000d6b80000)
 ParOldGen       total 69120K, used 68952K [0x0000000080000000, 0x0000000084380000, 0x00000000d5580000)
  object space 69120K, 99% used [0x0000000080000000,0x00000000843561c8,0x0000000084380000)
 Metaspace       used 58103K, committed 59520K, reserved 1114112K
  class space    used 6239K, committed 6912K, reserved 1048576K
}
Event: 19.083 GC heap after
{Heap after GC invocations=54 (full 2):
 PSYoungGen      total 21504K, used 576K [0x00000000d5580000, 0x00000000d6b80000, 0x0000000100000000)
  eden space 20480K, 0% used [0x00000000d5580000,0x00000000d5580000,0x00000000d6980000)
  from space 1024K, 56% used [0x00000000d6a80000,0x00000000d6b10000,0x00000000d6b80000)
  to   space 1024K, 0% used [0x00000000d6980000,0x00000000d6980000,0x00000000d6a80000)
 ParOldGen       total 69120K, used 69064K [0x0000000080000000, 0x0000000084380000, 0x00000000d5580000)
  object space 69120K, 99% used [0x0000000080000000,0x00000000843721c8,0x0000000084380000)
 Metaspace       used 58103K, committed 59520K, reserved 1114112K
  class space    used 6239K, committed 6912K, reserved 1048576K
}
Event: 19.165 GC heap before
{Heap before GC invocations=55 (full 2):
 PSYoungGen      total 21504K, used 21056K [0x00000000d5580000, 0x00000000d6b80000, 0x0000000100000000)
  eden space 20480K, 100% used [0x00000000d5580000,0x00000000d6980000,0x00000000d6980000)
  from space 1024K, 56% used [0x00000000d6a80000,0x00000000d6b10000,0x00000000d6b80000)
  to   space 1024K, 0% used [0x00000000d6980000,0x00000000d6980000,0x00000000d6a80000)
 ParOldGen       total 69120K, used 69064K [0x0000000080000000, 0x0000000084380000, 0x00000000d5580000)
  object space 69120K, 99% used [0x0000000080000000,0x00000000843721c8,0x0000000084380000)
 Metaspace       used 58215K, committed 59648K, reserved 1114112K
  class space    used 6255K, committed 6912K, reserved 1048576K
}
Event: 19.166 GC heap after
{Heap after GC invocations=55 (full 2):
 PSYoungGen      total 21504K, used 745K [0x00000000d5580000, 0x00000000d6b80000, 0x0000000100000000)
  eden space 20480K, 0% used [0x00000000d5580000,0x00000000d5580000,0x00000000d6980000)
  from space 1024K, 72% used [0x00000000d6980000,0x00000000d6a3a688,0x00000000d6a80000)
  to   space 1024K, 0% used [0x00000000d6a80000,0x00000000d6a80000,0x00000000d6b80000)
 ParOldGen       total 69632K, used 69248K [0x0000000080000000, 0x0000000084400000, 0x00000000d5580000)
  object space 69632K, 99% used [0x0000000080000000,0x00000000843a01c8,0x0000000084400000)
 Metaspace       used 58215K, committed 59648K, reserved 1114112K
  class space    used 6255K, committed 6912K, reserved 1048576K
}
Event: 19.207 GC heap before
{Heap before GC invocations=56 (full 2):
 PSYoungGen      total 21504K, used 21225K [0x00000000d5580000, 0x00000000d6b80000, 0x0000000100000000)
  eden space 20480K, 100% used [0x00000000d5580000,0x00000000d6980000,0x00000000d6980000)
  from space 1024K, 72% used [0x00000000d6980000,0x00000000d6a3a688,0x00000000d6a80000)
  to   space 1024K, 0% used [0x00000000d6a80000,0x00000000d6a80000,0x00000000d6b80000)
 ParOldGen       total 69632K, used 69248K [0x0000000080000000, 0x0000000084400000, 0x00000000d5580000)
  object space 69632K, 99% used [0x0000000080000000,0x00000000843a01c8,0x0000000084400000)
 Metaspace       used 58220K, committed 59648K, reserved 1114112K
  class space    used 6255K, committed 6912K, reserved 1048576K
}
Event: 19.208 GC heap after
{Heap after GC invocations=56 (full 2):
 PSYoungGen      total 20992K, used 1021K [0x00000000d5580000, 0x00000000d6c80000, 0x0000000100000000)
  eden space 19968K, 0% used [0x00000000d5580000,0x00000000d5580000,0x00000000d6900000)
  from space 1024K, 99% used [0x00000000d6a80000,0x00000000d6b7f4f8,0x00000000d6b80000)
  to   space 1536K, 0% used [0x00000000d6900000,0x00000000d6900000,0x00000000d6a80000)
 ParOldGen       total 69632K, used 69601K [0x0000000080000000, 0x0000000084400000, 0x00000000d5580000)
  object space 69632K, 99% used [0x0000000080000000,0x00000000843f85c8,0x0000000084400000)
 Metaspace       used 58220K, committed 59648K, reserved 1114112K
  class space    used 6255K, committed 6912K, reserved 1048576K
}
Event: 19.248 GC heap before
{Heap before GC invocations=57 (full 2):
 PSYoungGen      total 20992K, used 20989K [0x00000000d5580000, 0x00000000d6c80000, 0x0000000100000000)
  eden space 19968K, 100% used [0x00000000d5580000,0x00000000d6900000,0x00000000d6900000)
  from space 1024K, 99% used [0x00000000d6a80000,0x00000000d6b7f4f8,0x00000000d6b80000)
  to   space 1536K, 0% used [0x00000000d6900000,0x00000000d6900000,0x00000000d6a80000)
 ParOldGen       total 69632K, used 69601K [0x0000000080000000, 0x0000000084400000, 0x00000000d5580000)
  object space 69632K, 99% used [0x0000000080000000,0x00000000843f85c8,0x0000000084400000)
 Metaspace       used 58227K, committed 59648K, reserved 1114112K
  class space    used 6255K, committed 6912K, reserved 1048576K
}
Event: 19.249 GC heap after
{Heap after GC invocations=57 (full 2):
 PSYoungGen      total 21504K, used 893K [0x00000000d5580000, 0x00000000d6c00000, 0x0000000100000000)
  eden space 19968K, 0% used [0x00000000d5580000,0x00000000d5580000,0x00000000d6900000)
  from space 1536K, 58% used [0x00000000d6900000,0x00000000d69df668,0x00000000d6a80000)
  to   space 1536K, 0% used [0x00000000d6a80000,0x00000000d6a80000,0x00000000d6c00000)
 ParOldGen       total 70144K, used 70009K [0x0000000080000000, 0x0000000084480000, 0x00000000d5580000)
  object space 70144K, 99% used [0x0000000080000000,0x000000008445e5c8,0x0000000084480000)
 Metaspace       used 58227K, committed 59648K, reserved 1114112K
  class space    used 6255K, committed 6912K, reserved 1048576K
}
Event: 19.281 GC heap before
{Heap before GC invocations=58 (full 2):
 PSYoungGen      total 21504K, used 20861K [0x00000000d5580000, 0x00000000d6c00000, 0x0000000100000000)
  eden space 19968K, 100% used [0x00000000d5580000,0x00000000d6900000,0x00000000d6900000)
  from space 1536K, 58% used [0x00000000d6900000,0x00000000d69df668,0x00000000d6a80000)
  to   space 1536K, 0% used [0x00000000d6a80000,0x00000000d6a80000,0x00000000d6c00000)
 ParOldGen       total 70144K, used 70009K [0x0000000080000000, 0x0000000084480000, 0x00000000d5580000)
  object space 70144K, 99% used [0x0000000080000000,0x000000008445e5c8,0x0000000084480000)
 Metaspace       used 58231K, committed 59648K, reserved 1114112K
  class space    used 6255K, committed 6912K, reserved 1048576K
}
Event: 19.282 GC heap after
{Heap after GC invocations=58 (full 2):
 PSYoungGen      total 20992K, used 561K [0x00000000d5580000, 0x00000000d6b80000, 0x0000000100000000)
  eden space 19968K, 0% used [0x00000000d5580000,0x00000000d5580000,0x00000000d6900000)
  from space 1024K, 54% used [0x00000000d6a80000,0x00000000d6b0c400,0x00000000d6b80000)
  to   space 1024K, 0% used [0x00000000d6980000,0x00000000d6980000,0x00000000d6a80000)
 ParOldGen       total 70656K, used 70433K [0x0000000080000000, 0x0000000084500000, 0x00000000d5580000)
  object space 70656K, 99% used [0x0000000080000000,0x00000000844c85c8,0x0000000084500000)
 Metaspace       used 58231K, committed 59648K, reserved 1114112K
  class space    used 6255K, committed 6912K, reserved 1048576K
}
Event: 19.355 GC heap before
{Heap before GC invocations=59 (full 2):
 PSYoungGen      total 20992K, used 13040K [0x00000000d5580000, 0x00000000d6b80000, 0x0000000100000000)
  eden space 19968K, 62% used [0x00000000d5580000,0x00000000d61aff00,0x00000000d6900000)
  from space 1024K, 54% used [0x00000000d6a80000,0x00000000d6b0c400,0x00000000d6b80000)
  to   space 1024K, 0% used [0x00000000d6980000,0x00000000d6980000,0x00000000d6a80000)
 ParOldGen       total 70656K, used 70433K [0x0000000080000000, 0x0000000084500000, 0x00000000d5580000)
  object space 70656K, 99% used [0x0000000080000000,0x00000000844c85c8,0x0000000084500000)
 Metaspace       used 58417K, committed 59776K, reserved 1114112K
  class space    used 6278K, committed 6912K, reserved 1048576K
}
Event: 19.357 GC heap after
{Heap after GC invocations=59 (full 2):
 PSYoungGen      total 20992K, used 706K [0x00000000d5580000, 0x00000000d6b00000, 0x0000000100000000)
  eden space 19968K, 0% used [0x00000000d5580000,0x00000000d5580000,0x00000000d6900000)
  from space 1024K, 68% used [0x00000000d6980000,0x00000000d6a308c0,0x00000000d6a80000)
  to   space 512K, 0% used [0x00000000d6a80000,0x00000000d6a80000,0x00000000d6b00000)
 ParOldGen       total 71168K, used 70666K [0x0000000080000000, 0x0000000084580000, 0x00000000d5580000)
  object space 71168K, 99% used [0x0000000080000000,0x00000000845029c8,0x0000000084580000)
 Metaspace       used 58417K, committed 59776K, reserved 1114112K
  class space    used 6278K, committed 6912K, reserved 1048576K
}
Event: 19.357 GC heap before
{Heap before GC invocations=60 (full 3):
 PSYoungGen      total 20992K, used 706K [0x00000000d5580000, 0x00000000d6b00000, 0x0000000100000000)
  eden space 19968K, 0% used [0x00000000d5580000,0x00000000d5580000,0x00000000d6900000)
  from space 1024K, 68% used [0x00000000d6980000,0x00000000d6a308c0,0x00000000d6a80000)
  to   space 512K, 0% used [0x00000000d6a80000,0x00000000d6a80000,0x00000000d6b00000)
 ParOldGen       total 71168K, used 70666K [0x0000000080000000, 0x0000000084580000, 0x00000000d5580000)
  object space 71168K, 99% used [0x0000000080000000,0x00000000845029c8,0x0000000084580000)
 Metaspace       used 58417K, committed 59776K, reserved 1114112K
  class space    used 6278K, committed 6912K, reserved 1048576K
}
Event: 19.447 GC heap after
{Heap after GC invocations=60 (full 3):
 PSYoungGen      total 20992K, used 0K [0x00000000d5580000, 0x00000000d6b00000, 0x0000000100000000)
  eden space 19968K, 0% used [0x00000000d5580000,0x00000000d5580000,0x00000000d6900000)
  from space 1024K, 0% used [0x00000000d6980000,0x00000000d6980000,0x00000000d6a80000)
  to   space 512K, 0% used [0x00000000d6a80000,0x00000000d6a80000,0x00000000d6b00000)
 ParOldGen       total 71168K, used 53699K [0x0000000080000000, 0x0000000084580000, 0x00000000d5580000)
  object space 71168K, 75% used [0x0000000080000000,0x0000000083470e88,0x0000000084580000)
 Metaspace       used 58410K, committed 59776K, reserved 1114112K
  class space    used 6276K, committed 6912K, reserved 1048576K
}

